# JRE version: Java(TM) SE Runtime Environment (8.0_192-b12) (build 1.8.0_192-b12)
# Java VM: Java HotSpot(TM) 64-Bit Server VM (25.192-b12 mixed mode windows-amd64 compressed oops)
Heap:
 PSYoungGen      total 164352K, used 11152K [0x00000000e0000000, 0x00000000eb680000, 0x0000000100000000)
  eden space 144896K, 7% used [0x00000000e0000000,0x00000000e0ae41c8,0x00000000e8d80000)
  from space 19456K, 0% used [0x00000000e8d80000,0x00000000e8d80000,0x00000000ea080000)
  to   space 15872K, 0% used [0x00000000ea080000,0x00000000ea080000,0x00000000eb000000)
 ParOldGen       total 124416K, used 33643K [0x00000000a0000000, 0x00000000a7980000, 0x00000000e0000000)
  object space 124416K, 27% used [0x00000000a0000000,0x00000000a20dae30,0x00000000a7980000)
 Metaspace       used 57950K, capacity 59652K, committed 59776K, reserved 1099776K
  class space    used 8111K, capacity 8515K, committed 8576K, reserved 1048576K
GC Heap History (10 events):
Event: 17.137 GC heap before
{Heap before GC invocations=10 (full 2):
 PSYoungGen      total 124928K, used 9777K [0x00000000e0000000, 0x00000000e9700000, 0x0000000100000000)
  eden space 111616K, 0% used [0x00000000e0000000,0x00000000e0000000,0x00000000e6d00000)
  from space 13312K, 73% used [0x00000000e7a00000,0x00000000e838c6d8,0x00000000e8700000)
  to   space 13312K, 0% used [0x00000000e6d00000,0x00000000e6d00000,0x00000000e7a00000)
 ParOldGen       total 89088K, used 10738K [0x00000000a0000000, 0x00000000a5700000, 0x00000000e0000000)
  object space 89088K, 12% used [0x00000000a0000000,0x00000000a0a7ca90,0x00000000a5700000)
 Metaspace       used 34575K, capacity 35314K, committed 35416K, reserved 1079296K
  class space    used 4846K, capacity 5074K, committed 5120K, reserved 1048576K
Event: 17.267 GC heap after
Heap after GC invocations=10 (full 2):
 PSYoungGen      total 124928K, used 0K [0x00000000e0000000, 0x00000000e9700000, 0x0000000100000000)
  eden space 111616K, 0% used [0x00000000e0000000,0x00000000e0000000,0x00000000e6d00000)
  from space 13312K, 0% used [0x00000000e7a00000,0x00000000e7a00000,0x00000000e8700000)
  to   space 13312K, 0% used [0x00000000e6d00000,0x00000000e6d00000,0x00000000e7a00000)
 ParOldGen       total 124416K, used 16635K [0x00000000a0000000, 0x00000000a7980000, 0x00000000e0000000)
  object space 124416K, 13% used [0x00000000a0000000,0x00000000a103ec20,0x00000000a7980000)
 Metaspace       used 34573K, capacity 35308K, committed 35416K, reserved 1079296K
  class space    used 4845K, capacity 5073K, committed 5120K, reserved 1048576K
}
Event: 21.141 GC heap before
{Heap before GC invocations=11 (full 2):
 PSYoungGen      total 124928K, used 111616K [0x00000000e0000000, 0x00000000e9700000, 0x0000000100000000)
  eden space 111616K, 100% used [0x00000000e0000000,0x00000000e6d00000,0x00000000e6d00000)
  from space 13312K, 0% used [0x00000000e7a00000,0x00000000e7a00000,0x00000000e8700000)
  to   space 13312K, 0% used [0x00000000e6d00000,0x00000000e6d00000,0x00000000e7a00000)
 ParOldGen       total 124416K, used 16635K [0x00000000a0000000, 0x00000000a7980000, 0x00000000e0000000)
  object space 124416K, 13% used [0x00000000a0000000,0x00000000a103ec20,0x00000000a7980000)
 Metaspace       used 44972K, capacity 46132K, committed 46464K, reserved 1089536K
  class space    used 6188K, capacity 6474K, committed 6528K, reserved 1048576K
Event: 21.162 GC heap after
Heap after GC invocations=11 (full 2):
 PSYoungGen      total 124928K, used 13305K [0x00000000e0000000, 0x00000000eb000000, 0x0000000100000000)
  eden space 111616K, 0% used [0x00000000e0000000,0x00000000e0000000,0x00000000e6d00000)
  from space 13312K, 99% used [0x00000000e6d00000,0x00000000e79fe6f8,0x00000000e7a00000)
  to   space 15872K, 0% used [0x00000000ea080000,0x00000000ea080000,0x00000000eb000000)
 ParOldGen       total 124416K, used 19186K [0x00000000a0000000, 0x00000000a7980000, 0x00000000e0000000)
  object space 124416K, 15% used [0x00000000a0000000,0x00000000a12bca60,0x00000000a7980000)
 Metaspace       used 44972K, capacity 46132K, committed 46464K, reserved 1089536K
  class space    used 6188K, capacity 6474K, committed 6528K, reserved 1048576K
}
Event: 23.515 GC heap before
{Heap before GC invocations=12 (full 2):
 PSYoungGen      total 124928K, used 124921K [0x00000000e0000000, 0x00000000eb000000, 0x0000000100000000)
  eden space 111616K, 100% used [0x00000000e0000000,0x00000000e6d00000,0x00000000e6d00000)
  from space 13312K, 99% used [0x00000000e6d00000,0x00000000e79fe6f8,0x00000000e7a00000)
  to   space 15872K, 0% used [0x00000000ea080000,0x00000000ea080000,0x00000000eb000000)
 ParOldGen       total 124416K, used 19186K [0x00000000a0000000, 0x00000000a7980000, 0x00000000e0000000)
  object space 124416K, 15% used [0x00000000a0000000,0x00000000a12bca60,0x00000000a7980000)
 Metaspace       used 54585K, capacity 56284K, committed 56448K, reserved 1097728K
  class space    used 7581K, capacity 7969K, committed 8064K, reserved 1048576K
Event: 23.545 GC heap after
Heap after GC invocations=12 (full 2):
 PSYoungGen      total 160768K, used 15870K [0x00000000e0000000, 0x00000000eb680000, 0x0000000100000000)
  eden space 144896K, 0% used [0x00000000e0000000,0x00000000e0000000,0x00000000e8d80000)
  from space 15872K, 99% used [0x00000000ea080000,0x00000000eafffb00,0x00000000eb000000)
  to   space 19456K, 0% used [0x00000000e8d80000,0x00000000e8d80000,0x00000000ea080000)
 ParOldGen       total 124416K, used 24513K [0x00000000a0000000, 0x00000000a7980000, 0x00000000e0000000)
  object space 124416K, 19% used [0x00000000a0000000,0x00000000a17f0530,0x00000000a7980000)
 Metaspace       used 54585K, capacity 56284K, committed 56448K, reserved 1097728K
  class space    used 7581K, capacity 7969K, committed 8064K, reserved 1048576K
}
Event: 24.847 GC heap before
{Heap before GC invocations=13 (full 2):
 PSYoungGen      total 160768K, used 60198K [0x00000000e0000000, 0x00000000eb680000, 0x0000000100000000)
  eden space 144896K, 30% used [0x00000000e0000000,0x00000000e2b49df0,0x00000000e8d80000)
  from space 15872K, 99% used [0x00000000ea080000,0x00000000eafffb00,0x00000000eb000000)
  to   space 19456K, 0% used [0x00000000e8d80000,0x00000000e8d80000,0x00000000ea080000)
 ParOldGen       total 124416K, used 24513K [0x00000000a0000000, 0x00000000a7980000, 0x00000000e0000000)
  object space 124416K, 19% used [0x00000000a0000000,0x00000000a17f0530,0x00000000a7980000)
 Metaspace       used 57303K, capacity 58990K, committed 59028K, reserved 1099776K
  class space    used 8017K, capacity 8436K, committed 8448K, reserved 1048576K
Event: 24.878 GC heap after
Heap after GC invocations=13 (full 2):
 PSYoungGen      total 164352K, used 18064K [0x00000000e0000000, 0x00000000eb680000, 0x0000000100000000)
  eden space 144896K, 0% used [0x00000000e0000000,0x00000000e0000000,0x00000000e8d80000)
  from space 19456K, 92% used [0x00000000e8d80000,0x00000000e9f24090,0x00000000ea080000)
  to   space 15872K, 0% used [0x00000000ea080000,0x00000000ea080000,0x00000000eb000000)
 ParOldGen       total 124416K, used 24521K [0x00000000a0000000, 0x00000000a7980000, 0x00000000e0000000)
  object space 124416K, 19% used [0x00000000a0000000,0x00000000a17f2530,0x00000000a7980000)
 Metaspace       used 57303K, capacity 58990K, committed 59028K, reserved 1099776K
  class space    used 8017K, capacity 8436K, committed 8448K, reserved 1048576K
}
Event: 24.878 GC heap before
{Heap before GC invocations=14 (full 3):
 PSYoungGen      total 164352K, used 18064K [0x00000000e0000000, 0x00000000eb680000, 0x0000000100000000)
  eden space 144896K, 0% used [0x00000000e0000000,0x00000000e0000000,0x00000000e8d80000)
  from space 19456K, 92% used [0x00000000e8d80000,0x00000000e9f24090,0x00000000ea080000)
  to   space 15872K, 0% used [0x00000000ea080000,0x00000000ea080000,0x00000000eb000000)
 ParOldGen       total 124416K, used 24521K [0x00000000a0000000, 0x00000000a7980000, 0x00000000e0000000)
  object space 124416K, 19% used [0x00000000a0000000,0x00000000a17f2530,0x00000000a7980000)
 Metaspace       used 57303K, capacity 58990K, committed 59028K, reserved 1099776K
  class space    used 8017K, capacity 8436K, committed 8448K, reserved 1048576K
Event: 25.200 GC heap after
Heap after GC invocations=14 (full 3):
 PSYoungGen      total 164352K, used 0K [0x00000000e0000000, 0x00000000eb680000, 0x0000000100000000)
  eden space 144896K, 0% used [0x00000000e0000000,0x00000000e0000000,0x00000000e8d80000)
  from space 19456K, 0% used [0x00000000e8d80000,0x00000000e8d80000,0x00000000ea080000)
  to   space 15872K, 0% used [0x00000000ea080000,0x00000000ea080000,0x00000000eb000000)
 ParOldGen       total 124416K, used 33643K [0x00000000a0000000, 0x00000000a7980000, 0x00000000e0000000)
  object space 124416K, 27% used [0x00000000a0000000,0x00000000a20dae30,0x00000000a7980000)
 Metaspace       used 57303K, capacity 58990K, committed 59028K, reserved 1099776K
  class space    used 8017K, capacity 8436K, committed 8448K, reserved 1048576K
}

